Starting Flask app in development mode
Using Redirect URI: http://127.0.0.1:5001/callback
Starting Flask app in development mode
Using Redirect URI: http://127.0.0.1:5001/callback
Home route accessed
Session data: {'_permanent': True, 'discord_token': {'access_token': 'MTI1NjkwOTYxMTM0MTE4OTE5Mw.PVKq2BIIQJP9BLZHEXoQq92g8wOXnC', 'expires_in': 604800, 'refresh_token': 'FSMnvinYgkBSVX4BL0UD1TOzjq3QHi', 'token_type': 'Bearer'}, 'user': {'avatar': '47e70f1d69432acbdfb324eeebe09363', 'avatar_url': 'https://cdn.discordapp.com/avatars/743906168296177705/47e70f1d69432acbdfb324eeebe09363.png', 'discriminator': '0', 'email': 'dexrrusky1120@gmail.com', 'id': '743906168296177705', 'username': 'biggerd_ofc'}}
User found in session: biggerd_ofc
Starting Flask app in development mode
Using Redirect URI: http://127.0.0.1:5001/callback
Home route accessed
Session data: {'_permanent': True, 'discord_token': {'access_token': 'MTI1NjkwOTYxMTM0MTE4OTE5Mw.PVKq2BIIQJP9BLZHEXoQq92g8wOXnC', 'expires_in': 604800, 'refresh_token': 'FSMnvinYgkBSVX4BL0UD1TOzjq3QHi', 'token_type': 'Bearer'}, 'user': {'avatar': '47e70f1d69432acbdfb324eeebe09363', 'avatar_url': 'https://cdn.discordapp.com/avatars/743906168296177705/47e70f1d69432acbdfb324eeebe09363.png', 'discriminator': '0', 'email': 'dexrrusky1120@gmail.com', 'id': '743906168296177705', 'username': 'biggerd_ofc'}}
User found in session: biggerd_ofc
Starting Flask app in development mode
Using Redirect URI: http://127.0.0.1:5001/callback
Home route accessed
Session data: {}
Error in home route: DiscordOAuth2HttpClient.__init__() got an unexpected keyword argument 'redirect_uri'
Traceback (most recent call last):
  File "D:\BOT\DiscordMultiBot\dashboard\app.py", line 166, in home
    discord_oauth = DiscordOAuth2Session(
                    ^^^^^^^^^^^^^^^^^^^^^
TypeError: DiscordOAuth2HttpClient.__init__() got an unexpected keyword argument 'redirect_uri'

=== Login Started ===
Initiating OAuth2 flow...
Generated OAuth2 state: 9c2ebb1b21537e503ec6a7c528316f4d
Using Client ID: 1256909611341189193
Using Redirect URI: http://127.0.0.1:5001/callback
Generated authorization URL: https://discord.com/oauth2/authorize?client_id=1256909611341189193&response_type=code&redirect_uri=http%3A%2F%2F127.0.0.1%3A5001%2Fcallback&scope=identify+email+guilds+connections&state=9c2ebb1b21537e503ec6a7c528316f4d&prompt=consent
=== Redirecting to Discord OAuth ===


=== OAuth Callback Started ===
Request args: ImmutableMultiDict([('code', 'zfm2R2qV2gfy1kj1R33aM0Ukduz2oW'), ('state', '9c2ebb1b21537e503ec6a7c528316f4d')])
Session state: 9c2ebb1b21537e503ec6a7c528316f4d
State from request: 9c2ebb1b21537e503ec6a7c528316f4d
State in session: 9c2ebb1b21537e503ec6a7c528316f4d
Successfully logged in user: biggerd_ofc
Home route accessed
Session data: {'_permanent': True, 'discord_token': {'access_token': 'MTI1NjkwOTYxMTM0MTE4OTE5Mw.MLqE4rfql8ERfh1wJAHAoPlAHBUQ8p', 'expires_in': 604800, 'refresh_token': 'imXb0hosBf2BcFc6BeAu17WGedCnJ3', 'scope': 'identify email applications.commands connections guilds', 'token_type': 'Bearer'}, 'user': {'avatar': 'https://cdn.discordapp.com/avatars/743906168296177705/47e70f1d69432acbdfb324eeebe09363.png', 'discriminator': '0', 'email': 'dexrrusky1120@gmail.com', 'id': '743906168296177705', 'username': 'biggerd_ofc'}}
User found in session: biggerd_ofc
Starting Flask app in development mode
Using redirect URI: http://dash.mrafton.linkpc.net:5001/callback
Available redirect URIs: ['http://127.0.0.1:5001/callback', 'http://dash.quanty.linkpc.net:5001/callback']
Starting in development mode
Allowed domains: ['127.0.0.1', 'localhost', 'dash.quanty.linkpc.net']
Using Discord OAuth2 with client ID: 1256909611341189193
Using redirect URI: http://dash.mrafton.linkpc.net:5001/callback
WARNING: Running with default client secret in development mode. Use environment variables in production.
Initializing Discord OAuth2 with redirect_uri: http://dash.mrafton.linkpc.net:5001/callback
Discord OAuth2 session initialized successfully
Starting Flask app in development mode
Using redirect URI: http://dash.mrafton.linkpc.net:5001/callback
Available redirect URIs: ['http://127.0.0.1:5001/callback', 'http://dash.quanty.linkpc.net:5001/callback']
Starting in development mode
Allowed domains: ['127.0.0.1', 'localhost', 'dash.quanty.linkpc.net']
Using Discord OAuth2 with client ID: 1256909611341189193
Using redirect URI: http://dash.mrafton.linkpc.net:5001/callback
WARNING: Running with default client secret in development mode. Use environment variables in production.
Initializing Discord OAuth2 with redirect_uri: http://dash.mrafton.linkpc.net:5001/callback
Discord OAuth2 session initialized successfully
Starting Flask app in development mode
Using redirect URI: http://dash.quanty.linkpc.net:5001/callback
Available redirect URIs: ['http://127.0.0.1:5001/callback', 'http://dash.quanty.linkpc.net:5001/callback']
Starting in development mode
Allowed domains: ['127.0.0.1', 'dash.quanty.linkpc.net']
Using Discord OAuth2 with client ID: 1256909611341189193
Using redirect URI: http://dash.quanty.linkpc.net:5001/callback
WARNING: Running with default client secret in development mode. Use environment variables in production.
Initializing Discord OAuth2 with redirect_uri: http://dash.quanty.linkpc.net:5001/callback
Discord OAuth2 session initialized successfully
Starting Flask app in development mode
Using redirect URI: https://dash.quanty-bot.linkpc.net:5001/callback
Available redirect URIs: ['http://127.0.0.1:5001/callback', 'http://dash.quanty.linkpc.net:5001/callback']
Starting in development mode
Allowed domains: ['127.0.0.1', 'localhost', 'dash.quanty-bot.linkpc.net']
Using Discord OAuth2 with client ID: 1256909611341189193
Using redirect URI: https://dash.quanty-bot.linkpc.net:5001/callback
WARNING: Running with default client secret in development mode. Use environment variables in production.
Initializing Discord OAuth2 with redirect_uri: https://dash.quanty-bot.linkpc.net:5001/callback
Discord OAuth2 session initialized successfully
Starting Flask app in development mode
Using redirect URI: https://dash.quanty-bot.linkpc.net:5001/callback
Available redirect URIs: ['http://127.0.0.1:5001/callback', 'http://dash.quanty.linkpc.net:5001/callback']
Starting in development mode
Allowed domains: ['127.0.0.1', 'localhost', 'dash.quanty-bot.linkpc.net']
Using Discord OAuth2 with client ID: 1256909611341189193
Using redirect URI: https://dash.quanty-bot.linkpc.net:5001/callback
WARNING: Running with default client secret in development mode. Use environment variables in production.
Initializing Discord OAuth2 with redirect_uri: https://dash.quanty-bot.linkpc.net:5001/callback
Discord OAuth2 session initialized successfully
Starting Flask app in development mode
Using redirect URI: https://dash.quanty-bot.linkpc.net:5001/callback
Available redirect URIs: ['http://127.0.0.1:5001/callback', 'http://dash.quanty.linkpc.net:5001/callback']
Starting in development mode
Allowed domains: ['127.0.0.1', 'localhost', 'dash.quanty-bot.linkpc.net']
Using Discord OAuth2 with client ID: 1256909611341189193
Using redirect URI: https://dash.quanty-bot.linkpc.net:5001/callback
WARNING: Running with default client secret in development mode. Use environment variables in production.
Initializing Discord OAuth2 with redirect_uri: https://dash.quanty-bot.linkpc.net:5001/callback
Discord OAuth2 session initialized successfully
Starting Flask app in development mode
Using redirect URI: https://dash.quanty-bot.linkpc.net:5001/callback
Available redirect URIs: ['http://127.0.0.1:5001/callback', 'http://dash.quanty.linkpc.net:5001/callback']
Starting in development mode
Allowed domains: ['127.0.0.1', 'localhost', 'dash.quanty-bot.linkpc.net']
Using Discord OAuth2 with client ID: 1256909611341189193
Using redirect URI: https://dash.quanty-bot.linkpc.net:5001/callback
WARNING: Running with default client secret in development mode. Use environment variables in production.
Initializing Discord OAuth2 with redirect_uri: https://dash.quanty-bot.linkpc.net:5001/callback
Discord OAuth2 session initialized successfully
